[debug] [2022-11-22T18:58:49.583Z] ----------------------------------------------------------------------
[debug] [2022-11-22T18:58:49.585Z] Command:       C:\Users\12403\DOWNLO~1\firebase-tools-instant-win.exe C:\Users\12403\.cache\firebase\tools\lib\node_modules\firebase-tools\lib\bin\firebase deploy
[debug] [2022-11-22T18:58:49.586Z] CLI Version:   11.16.1
[debug] [2022-11-22T18:58:49.586Z] Platform:      win32
[debug] [2022-11-22T18:58:49.586Z] Node Version:  v16.16.0
[debug] [2022-11-22T18:58:49.587Z] Time:          Tue Nov 22 2022 13:58:49 GMT-0500 (Eastern Standard Time)
[debug] [2022-11-22T18:58:49.587Z] ----------------------------------------------------------------------
[debug] 
[debug] [2022-11-22T18:58:49.651Z] > command requires scopes: ["email","openid","https://www.googleapis.com/auth/cloudplatformprojects.readonly","https://www.googleapis.com/auth/firebase","https://www.googleapis.com/auth/cloud-platform"]
[debug] [2022-11-22T18:58:49.651Z] > authorizing via signed-in user (colton923@gmail.com)
[debug] [2022-11-22T18:58:49.651Z] [iam] checking project secret-santa-4d8a5 for permissions ["cloudfunctions.functions.create","cloudfunctions.functions.delete","cloudfunctions.functions.get","cloudfunctions.functions.list","cloudfunctions.functions.update","cloudfunctions.operations.get","firebase.projects.get","firebasehosting.sites.update"]
[debug] [2022-11-22T18:58:49.654Z] >>> [apiv2][query] POST https://cloudresourcemanager.googleapis.com/v1/projects/secret-santa-4d8a5:testIamPermissions [none]
[debug] [2022-11-22T18:58:49.654Z] >>> [apiv2][(partial)header] POST https://cloudresourcemanager.googleapis.com/v1/projects/secret-santa-4d8a5:testIamPermissions x-goog-quota-user=projects/secret-santa-4d8a5
[debug] [2022-11-22T18:58:49.654Z] >>> [apiv2][body] POST https://cloudresourcemanager.googleapis.com/v1/projects/secret-santa-4d8a5:testIamPermissions {"permissions":["cloudfunctions.functions.create","cloudfunctions.functions.delete","cloudfunctions.functions.get","cloudfunctions.functions.list","cloudfunctions.functions.update","cloudfunctions.operations.get","firebase.projects.get","firebasehosting.sites.update"]}
[debug] [2022-11-22T18:58:49.840Z] <<< [apiv2][status] POST https://cloudresourcemanager.googleapis.com/v1/projects/secret-santa-4d8a5:testIamPermissions 200
[debug] [2022-11-22T18:58:49.840Z] <<< [apiv2][body] POST https://cloudresourcemanager.googleapis.com/v1/projects/secret-santa-4d8a5:testIamPermissions {"permissions":["cloudfunctions.functions.create","cloudfunctions.functions.delete","cloudfunctions.functions.get","cloudfunctions.functions.list","cloudfunctions.functions.update","cloudfunctions.operations.get","firebase.projects.get","firebasehosting.sites.update"]}
[debug] [2022-11-22T18:58:49.841Z] >>> [apiv2][query] POST https://iam.googleapis.com/v1/projects/secret-santa-4d8a5/serviceAccounts/secret-santa-4d8a5@appspot.gserviceaccount.com:testIamPermissions [none]
[debug] [2022-11-22T18:58:49.841Z] >>> [apiv2][body] POST https://iam.googleapis.com/v1/projects/secret-santa-4d8a5/serviceAccounts/secret-santa-4d8a5@appspot.gserviceaccount.com:testIamPermissions {"permissions":["iam.serviceAccounts.actAs"]}
[debug] [2022-11-22T18:58:49.972Z] <<< [apiv2][status] POST https://iam.googleapis.com/v1/projects/secret-santa-4d8a5/serviceAccounts/secret-santa-4d8a5@appspot.gserviceaccount.com:testIamPermissions 200
[debug] [2022-11-22T18:58:49.973Z] <<< [apiv2][body] POST https://iam.googleapis.com/v1/projects/secret-santa-4d8a5/serviceAccounts/secret-santa-4d8a5@appspot.gserviceaccount.com:testIamPermissions {"permissions":["iam.serviceAccounts.actAs"]}
[debug] [2022-11-22T18:58:49.976Z] >>> [apiv2][query] GET https://firebase.googleapis.com/v1beta1/projects/secret-santa-4d8a5 [none]
[debug] [2022-11-22T18:58:50.308Z] <<< [apiv2][status] GET https://firebase.googleapis.com/v1beta1/projects/secret-santa-4d8a5 200
[debug] [2022-11-22T18:58:50.308Z] <<< [apiv2][body] GET https://firebase.googleapis.com/v1beta1/projects/secret-santa-4d8a5 {"projectId":"secret-santa-4d8a5","projectNumber":"104508332574","displayName":"Secret-Santa","name":"projects/secret-santa-4d8a5","resources":{"hostingSite":"secret-santa-4d8a5"},"state":"ACTIVE","etag":"1_17b4af31-c2f3-4b87-98d2-c95e2e8619a0"}
[debug] [2022-11-22T18:58:53.743Z] defaultcredentials: writing to file C:\Users\12403\AppData\Roaming\firebase\colton923_gmail_com_application_default_credentials.json
[debug] [2022-11-22T18:58:53.744Z] >>> [apiv2][query] GET https://firebasehosting.googleapis.com/v1beta1/projects/secret-santa-4d8a5/sites pageToken=&pageSize=10
[debug] [2022-11-22T18:58:54.226Z] <<< [apiv2][status] GET https://firebasehosting.googleapis.com/v1beta1/projects/secret-santa-4d8a5/sites 200
[debug] [2022-11-22T18:58:54.226Z] <<< [apiv2][body] GET https://firebasehosting.googleapis.com/v1beta1/projects/secret-santa-4d8a5/sites {"sites":[{"name":"projects/secret-santa-4d8a5/sites/merry-christmas-family","defaultUrl":"https://merry-christmas-family.web.app","appId":"1:104508332574:web:f1770e8ffa3522eedf2c0f","type":"USER_SITE"},{"name":"projects/secret-santa-4d8a5/sites/secret-santa-4d8a5","defaultUrl":"https://secret-santa-4d8a5.web.app","type":"DEFAULT_SITE"}]}
[debug] [2022-11-22T18:58:54.226Z] >>> [apiv2][query] GET https://firebasehosting.googleapis.com/v1beta1/projects/secret-santa-4d8a5/sites 
[debug] [2022-11-22T18:58:54.641Z] <<< [apiv2][status] GET https://firebasehosting.googleapis.com/v1beta1/projects/secret-santa-4d8a5/sites 200
[debug] [2022-11-22T18:58:54.641Z] <<< [apiv2][body] GET https://firebasehosting.googleapis.com/v1beta1/projects/secret-santa-4d8a5/sites {"sites":[{"name":"projects/secret-santa-4d8a5/sites/merry-christmas-family","defaultUrl":"https://merry-christmas-family.web.app","appId":"1:104508332574:web:f1770e8ffa3522eedf2c0f","type":"USER_SITE"},{"name":"projects/secret-santa-4d8a5/sites/secret-santa-4d8a5","defaultUrl":"https://secret-santa-4d8a5.web.app","type":"DEFAULT_SITE"}]}
[debug] [2022-11-22T18:58:54.642Z] >>> [apiv2][query] GET https://firebase.googleapis.com/v1beta1/projects/secret-santa-4d8a5/webApps/-/config [none]
[debug] [2022-11-22T18:58:55.123Z] <<< [apiv2][status] GET https://firebase.googleapis.com/v1beta1/projects/secret-santa-4d8a5/webApps/-/config 200
[debug] [2022-11-22T18:58:55.123Z] <<< [apiv2][body] GET https://firebase.googleapis.com/v1beta1/projects/secret-santa-4d8a5/webApps/-/config {"projectId":"secret-santa-4d8a5","appId":"1:104508332574:web:f1770e8ffa3522eedf2c0f","storageBucket":"secret-santa-4d8a5.appspot.com","apiKey":"AIzaSyBwYe1EHjKu9rUzgZ72jqn7kTWJDLXVa8o","authDomain":"secret-santa-4d8a5.firebaseapp.com","messagingSenderId":"104508332574","measurementId":"G-35B388P9M1"}
[debug] [2022-11-22T18:59:08.102Z] Error: The package "esbuild-windows-64" could not be found, and is needed by esbuild.

If you are installing esbuild with npm, make sure that you don't specify the
"--no-optional" flag. The "optionalDependencies" package.json feature is used
by esbuild to install the correct binary executable for your current platform.
    at generateBinPath (C:\Users\12403\.cache\firebase\tools\lib\node_modules\firebase-tools\node_modules\esbuild\lib\main.js:1786:15)
    at esbuildCommandAndArgs (C:\Users\12403\.cache\firebase\tools\lib\node_modules\firebase-tools\node_modules\esbuild\lib\main.js:1850:33)
    at ensureServiceIsRunning (C:\Users\12403\.cache\firebase\tools\lib\node_modules\firebase-tools\node_modules\esbuild\lib\main.js:2015:25)
    at Object.build (C:\Users\12403\.cache\firebase\tools\lib\node_modules\firebase-tools\node_modules\esbuild\lib\main.js:1906:26)
    at ɵcodegenFunctionsDirectory (C:\Users\12403\.cache\firebase\tools\lib\node_modules\firebase-tools\lib\frameworks\next\index.js:190:23)
    at async prepareFrameworks (C:\Users\12403\.cache\firebase\tools\lib\node_modules\firebase-tools\lib\frameworks\index.js:302:84)
    at async deploy (C:\Users\12403\.cache\firebase\tools\lib\node_modules\firebase-tools\lib\deploy\index.js:53:13)
[error] 
[error] Error: An unexpected error has occurred.
